  AnimationController.cpp
  AnimationSpritePlayground.cpp
  AnimationSystem.cpp
  BackEnd.cpp
  BloomEffect.cpp
  Camera.cpp
  CameraSystem.cpp
  CanJump.cpp
  DestroyTrigger.cpp
  ECS.cpp
  EffectManager.cpp
  FirstCreation.cpp
  Framebuffer.cpp
  Game.cpp
  GrainEffect.cpp
  GreyscaleEffect.cpp
  HorizontalScroll.cpp
  imgui.cpp
  imgui_demo.cpp
  imgui_draw.cpp
  Generating Code...
  Compiling...
  imgui_impl_opengl3.cpp
  imgui_impl_sdl.cpp
  imgui_widgets.cpp
  Input.cpp
  JSON.cpp
  main.cpp
  MainEntities.cpp
  Matrix.cpp
  PhysicsBody.cpp
C:\Users\chutz\Downloads\Essential Math Tutorial 7 Starter\Essential Math Tutorial 7 Starter\SpriteLib3.0-v2.0\PhysicsBody.cpp(29,35): warning C4312: 'type cast': conversion from 'int' to 'void *' of greater size
C:\Users\chutz\Downloads\Essential Math Tutorial 7 Starter\Essential Math Tutorial 7 Starter\SpriteLib3.0-v2.0\PhysicsBody.cpp(64,35): warning C4312: 'type cast': conversion from 'int' to 'void *' of greater size
C:\Users\chutz\Downloads\Essential Math Tutorial 7 Starter\Essential Math Tutorial 7 Starter\SpriteLib3.0-v2.0\PhysicsBody.cpp(86,27): warning C4267: 'initializing': conversion from 'size_t' to 'int', possible loss of data
C:\Users\chutz\Downloads\Essential Math Tutorial 7 Starter\Essential Math Tutorial 7 Starter\SpriteLib3.0-v2.0\PhysicsBody.cpp(119,35): warning C4312: 'type cast': conversion from 'int' to 'void *' of greater size
C:\Users\chutz\Downloads\Essential Math Tutorial 7 Starter\Essential Math Tutorial 7 Starter\SpriteLib3.0-v2.0\PhysicsBody.cpp(371,39): warning C4311: 'type cast': pointer truncation from 'void *' to 'int'
C:\Users\chutz\Downloads\Essential Math Tutorial 7 Starter\Essential Math Tutorial 7 Starter\SpriteLib3.0-v2.0\PhysicsBody.cpp(371,39): warning C4302: 'type cast': truncation from 'void *' to 'int'
C:\Users\chutz\Downloads\Essential Math Tutorial 7 Starter\Essential Math Tutorial 7 Starter\SpriteLib3.0-v2.0\PhysicsBody.cpp(376,22): warning C4244: 'argument': conversion from 'float' to 'int', possible loss of data
C:\Users\chutz\Downloads\Essential Math Tutorial 7 Starter\Essential Math Tutorial 7 Starter\SpriteLib3.0-v2.0\PhysicsBody.cpp(377,23): warning C4244: 'argument': conversion from 'float' to 'int', possible loss of data
  PhysicsPlayground.cpp
C:\Users\chutz\Downloads\Essential Math Tutorial 7 Starter\Essential Math Tutorial 7 Starter\SpriteLib3.0-v2.0\PhysicsPlayground.cpp(27,65): warning C4244: 'argument': conversion from 'float' to 'unsigned int', possible loss of data
C:\Users\chutz\Downloads\Essential Math Tutorial 7 Starter\Essential Math Tutorial 7 Starter\SpriteLib3.0-v2.0\PhysicsPlayground.cpp(27,52): warning C4244: 'argument': conversion from 'float' to 'unsigned int', possible loss of data
C:\Users\chutz\Downloads\Essential Math Tutorial 7 Starter\Essential Math Tutorial 7 Starter\SpriteLib3.0-v2.0\PhysicsPlayground.cpp(28,62): warning C4244: 'argument': conversion from 'float' to 'unsigned int', possible loss of data
C:\Users\chutz\Downloads\Essential Math Tutorial 7 Starter\Essential Math Tutorial 7 Starter\SpriteLib3.0-v2.0\PhysicsPlayground.cpp(28,49): warning C4244: 'argument': conversion from 'float' to 'unsigned int', possible loss of data
C:\Users\chutz\Downloads\Essential Math Tutorial 7 Starter\Essential Math Tutorial 7 Starter\SpriteLib3.0-v2.0\PhysicsPlayground.cpp(625,24): warning C4244: 'argument': conversion from 'double' to 'float', possible loss of data
C:\Users\chutz\Downloads\Essential Math Tutorial 7 Starter\Essential Math Tutorial 7 Starter\SpriteLib3.0-v2.0\PhysicsPlayground.cpp(629,25): warning C4244: 'argument': conversion from 'double' to 'float', possible loss of data
  PhysicsPlaygroundListener.cpp
C:\Users\chutz\Downloads\Essential Math Tutorial 7 Starter\Essential Math Tutorial 7 Starter\SpriteLib3.0-v2.0\PhysicsPlaygroundListener.cpp(39,70): warning C4311: 'type cast': pointer truncation from 'void *' to 'int'
C:\Users\chutz\Downloads\Essential Math Tutorial 7 Starter\Essential Math Tutorial 7 Starter\SpriteLib3.0-v2.0\PhysicsPlaygroundListener.cpp(39,70): warning C4302: 'type cast': truncation from 'void *' to 'int'
C:\Users\chutz\Downloads\Essential Math Tutorial 7 Starter\Essential Math Tutorial 7 Starter\SpriteLib3.0-v2.0\PhysicsPlaygroundListener.cpp(43,70): warning C4311: 'type cast': pointer truncation from 'void *' to 'int'
C:\Users\chutz\Downloads\Essential Math Tutorial 7 Starter\Essential Math Tutorial 7 Starter\SpriteLib3.0-v2.0\PhysicsPlaygroundListener.cpp(43,70): warning C4302: 'type cast': truncation from 'void *' to 'int'
C:\Users\chutz\Downloads\Essential Math Tutorial 7 Starter\Essential Math Tutorial 7 Starter\SpriteLib3.0-v2.0\PhysicsPlaygroundListener.cpp(73,52): warning C4311: 'type cast': pointer truncation from 'void *' to 'int'
C:\Users\chutz\Downloads\Essential Math Tutorial 7 Starter\Essential Math Tutorial 7 Starter\SpriteLib3.0-v2.0\PhysicsPlaygroundListener.cpp(73,52): warning C4302: 'type cast': truncation from 'void *' to 'int'
C:\Users\chutz\Downloads\Essential Math Tutorial 7 Starter\Essential Math Tutorial 7 Starter\SpriteLib3.0-v2.0\PhysicsPlaygroundListener.cpp(80,52): warning C4311: 'type cast': pointer truncation from 'void *' to 'int'
C:\Users\chutz\Downloads\Essential Math Tutorial 7 Starter\Essential Math Tutorial 7 Starter\SpriteLib3.0-v2.0\PhysicsPlaygroundListener.cpp(80,52): warning C4302: 'type cast': truncation from 'void *' to 'int'
  PhysicsSystem.cpp
  PixelateEffect.cpp
  Player.cpp
  PostEffect.cpp
  RenderingSystem.cpp
  Scene.cpp
C:\Users\chutz\Downloads\Essential Math Tutorial 7 Starter\Essential Math Tutorial 7 Starter\SpriteLib3.0-v2.0\Scene.cpp(79,57): warning C4244: 'argument': conversion from 'double' to 'float', possible loss of data
  Selectable.cpp
  SelectiveColorEffect.cpp
  SepiaEffect.cpp
  Generating Code...
  Compiling...
  Shader.cpp
  Sprite.cpp
  Texture.cpp
  TextureManager.cpp
  Timer.cpp
  Transform.cpp
  TranslateTrigger.cpp
  Trigger.cpp
  UI.cpp
  Utilities.cpp
  Vector.cpp
C:\Users\chutz\Downloads\Essential Math Tutorial 7 Starter\Essential Math Tutorial 7 Starter\SpriteLib3.0-v2.0\Vector.cpp(4,1): warning C4273: 'vec2::vec2': inconsistent dll linkage
C:\Users\chutz\Downloads\Essential Math Tutorial 7 Starter\Essential Math Tutorial 7 Starter\SpriteLib3.0-v2.0\Vector.h(20,2): message : see previous definition of '{ctor}'
C:\Users\chutz\Downloads\Essential Math Tutorial 7 Starter\Essential Math Tutorial 7 Starter\SpriteLib3.0-v2.0\Vector.cpp(8,1): warning C4273: 'vec2::vec2': inconsistent dll linkage
C:\Users\chutz\Downloads\Essential Math Tutorial 7 Starter\Essential Math Tutorial 7 Starter\SpriteLib3.0-v2.0\Vector.h(22,2): message : see previous definition of '{ctor}'
C:\Users\chutz\Downloads\Essential Math Tutorial 7 Starter\Essential Math Tutorial 7 Starter\SpriteLib3.0-v2.0\Vector.cpp(15,1): warning C4273: 'vec2::vec2': inconsistent dll linkage
C:\Users\chutz\Downloads\Essential Math Tutorial 7 Starter\Essential Math Tutorial 7 Starter\SpriteLib3.0-v2.0\Vector.h(23,2): message : see previous definition of '{ctor}'
C:\Users\chutz\Downloads\Essential Math Tutorial 7 Starter\Essential Math Tutorial 7 Starter\SpriteLib3.0-v2.0\Vector.cpp(21,1): warning C4273: 'vec2::Subtract': inconsistent dll linkage
C:\Users\chutz\Downloads\Essential Math Tutorial 7 Starter\Essential Math Tutorial 7 Starter\SpriteLib3.0-v2.0\Vector.h(31,7): message : see previous definition of 'Subtract'
C:\Users\chutz\Downloads\Essential Math Tutorial 7 Starter\Essential Math Tutorial 7 Starter\SpriteLib3.0-v2.0\Vector.cpp(28,1): warning C4273: 'vec2::MultScalar': inconsistent dll linkage
C:\Users\chutz\Downloads\Essential Math Tutorial 7 Starter\Essential Math Tutorial 7 Starter\SpriteLib3.0-v2.0\Vector.h(32,7): message : see previous definition of 'MultScalar'
C:\Users\chutz\Downloads\Essential Math Tutorial 7 Starter\Essential Math Tutorial 7 Starter\SpriteLib3.0-v2.0\Vector.cpp(35,1): warning C4273: 'vec2::DivScalar': inconsistent dll linkage
C:\Users\chutz\Downloads\Essential Math Tutorial 7 Starter\Essential Math Tutorial 7 Starter\SpriteLib3.0-v2.0\Vector.h(33,7): message : see previous definition of 'DivScalar'
C:\Users\chutz\Downloads\Essential Math Tutorial 7 Starter\Essential Math Tutorial 7 Starter\SpriteLib3.0-v2.0\Vector.cpp(42,1): warning C4273: 'vec2::Dot': inconsistent dll linkage
C:\Users\chutz\Downloads\Essential Math Tutorial 7 Starter\Essential Math Tutorial 7 Starter\SpriteLib3.0-v2.0\Vector.h(35,8): message : see previous definition of 'Dot'
C:\Users\chutz\Downloads\Essential Math Tutorial 7 Starter\Essential Math Tutorial 7 Starter\SpriteLib3.0-v2.0\Vector.cpp(48,1): warning C4273: 'vec2::GetMagnitude': inconsistent dll linkage
C:\Users\chutz\Downloads\Essential Math Tutorial 7 Starter\Essential Math Tutorial 7 Starter\SpriteLib3.0-v2.0\Vector.h(37,8): message : see previous definition of 'GetMagnitude'
C:\Users\chutz\Downloads\Essential Math Tutorial 7 Starter\Essential Math Tutorial 7 Starter\SpriteLib3.0-v2.0\Vector.cpp(53,1): warning C4273: 'vec2::GetMagnitudeSquared': inconsistent dll linkage
C:\Users\chutz\Downloads\Essential Math Tutorial 7 Starter\Essential Math Tutorial 7 Starter\SpriteLib3.0-v2.0\Vector.h(38,8): message : see previous definition of 'GetMagnitudeSquared'
C:\Users\chutz\Downloads\Essential Math Tutorial 7 Starter\Essential Math Tutorial 7 Starter\SpriteLib3.0-v2.0\Vector.cpp(62,1): warning C4273: 'vec2::Normalize': inconsistent dll linkage
C:\Users\chutz\Downloads\Essential Math Tutorial 7 Starter\Essential Math Tutorial 7 Starter\SpriteLib3.0-v2.0\Vector.h(39,7): message : see previous definition of 'Normalize'
C:\Users\chutz\Downloads\Essential Math Tutorial 7 Starter\Essential Math Tutorial 7 Starter\SpriteLib3.0-v2.0\Vector.cpp(71,1): warning C4273: 'vec2::Project': inconsistent dll linkage
C:\Users\chutz\Downloads\Essential Math Tutorial 7 Starter\Essential Math Tutorial 7 Starter\SpriteLib3.0-v2.0\Vector.h(41,7): message : see previous definition of 'Project'
C:\Users\chutz\Downloads\Essential Math Tutorial 7 Starter\Essential Math Tutorial 7 Starter\SpriteLib3.0-v2.0\Vector.cpp(88,1): warning C4273: 'vec2::operator []': inconsistent dll linkage
C:\Users\chutz\Downloads\Essential Math Tutorial 7 Starter\Essential Math Tutorial 7 Starter\SpriteLib3.0-v2.0\Vector.h(44,8): message : see previous definition of '[]'
C:\Users\chutz\Downloads\Essential Math Tutorial 7 Starter\Essential Math Tutorial 7 Starter\SpriteLib3.0-v2.0\Vector.cpp(96,1): warning C4273: 'vec2::operator -': inconsistent dll linkage
C:\Users\chutz\Downloads\Essential Math Tutorial 7 Starter\Essential Math Tutorial 7 Starter\SpriteLib3.0-v2.0\Vector.h(45,7): message : see previous definition of '-'
C:\Users\chutz\Downloads\Essential Math Tutorial 7 Starter\Essential Math Tutorial 7 Starter\SpriteLib3.0-v2.0\Vector.cpp(101,1): warning C4273: 'vec2::operator +': inconsistent dll linkage
C:\Users\chutz\Downloads\Essential Math Tutorial 7 Starter\Essential Math Tutorial 7 Starter\SpriteLib3.0-v2.0\Vector.h(46,7): message : see previous definition of '+'
C:\Users\chutz\Downloads\Essential Math Tutorial 7 Starter\Essential Math Tutorial 7 Starter\SpriteLib3.0-v2.0\Vector.cpp(106,1): warning C4273: 'vec2::operator -': inconsistent dll linkage
C:\Users\chutz\Downloads\Essential Math Tutorial 7 Starter\Essential Math Tutorial 7 Starter\SpriteLib3.0-v2.0\Vector.h(47,7): message : see previous definition of '-'
C:\Users\chutz\Downloads\Essential Math Tutorial 7 Starter\Essential Math Tutorial 7 Starter\SpriteLib3.0-v2.0\Vector.cpp(111,1): warning C4273: 'vec2::operator *': inconsistent dll linkage
C:\Users\chutz\Downloads\Essential Math Tutorial 7 Starter\Essential Math Tutorial 7 Starter\SpriteLib3.0-v2.0\Vector.h(49,7): message : see previous definition of '*'
C:\Users\chutz\Downloads\Essential Math Tutorial 7 Starter\Essential Math Tutorial 7 Starter\SpriteLib3.0-v2.0\Vector.cpp(116,1): warning C4273: 'vec2::operator /': inconsistent dll linkage
C:\Users\chutz\Downloads\Essential Math Tutorial 7 Starter\Essential Math Tutorial 7 Starter\SpriteLib3.0-v2.0\Vector.h(50,7): message : see previous definition of '/'
  VertexManager.cpp
  VerticalScroll.cpp
  VignetteEffect.cpp
  Window.cpp
  XInput.cpp
  Generating Code...
     Creating library C:\Users\chutz\Downloads\Essential Math Tutorial 7 Starter\Essential Math Tutorial 7 Starter\x64\Debug\SpriteLib3.0-v2.0.lib and object C:\Users\chutz\Downloads\Essential Math Tutorial 7 Starter\Essential Math Tutorial 7 Starter\x64\Debug\SpriteLib3.0-v2.0.exp
LINK : warning LNK4286: symbol '??0vec2@@QEAA@XZ (public: __cdecl vec2::vec2(void))' defined in 'Vector.obj' is imported by 'Sprite.obj'
LINK : warning LNK4286: symbol '??0vec2@@QEAA@XZ (public: __cdecl vec2::vec2(void))' defined in 'Vector.obj' is imported by 'Matrix.obj'
LINK : warning LNK4286: symbol '??0vec2@@QEAA@XZ (public: __cdecl vec2::vec2(void))' defined in 'Vector.obj' is imported by 'PhysicsBody.obj'
LINK : warning LNK4286: symbol '??0vec2@@QEAA@XZ (public: __cdecl vec2::vec2(void))' defined in 'Vector.obj' is imported by 'PhysicsPlayground.obj'
LINK : warning LNK4286: symbol '??0vec2@@QEAA@XZ (public: __cdecl vec2::vec2(void))' defined in 'Vector.obj' is imported by 'Scene.obj'
LINK : warning LNK4217: symbol '??0vec2@@QEAA@XZ (public: __cdecl vec2::vec2(void))' defined in 'Vector.obj' is imported by 'AnimationController.obj' in function '"public: __cdecl UVCoordinates::UVCoordinates(class vec2,class vec2)" (??0UVCoordinates@@QEAA@Vvec2@@0@Z)'
LINK : warning LNK4286: symbol '??0vec2@@QEAA@XZ (public: __cdecl vec2::vec2(void))' defined in 'Vector.obj' is imported by 'AnimationSpritePlayground.obj'
LINK : warning LNK4217: symbol '??0vec2@@QEAA@XZ (public: __cdecl vec2::vec2(void))' defined in 'Vector.obj' is imported by 'EffectManager.obj' in function '"public: static void __cdecl EffectManager::CreateEditor(void)" (?CreateEditor@EffectManager@@SAXXZ)'
LINK : warning LNK4286: symbol '??0vec2@@QEAA@XZ (public: __cdecl vec2::vec2(void))' defined in 'Vector.obj' is imported by 'FirstCreation.obj'
LINK : warning LNK4286: symbol '??0vec2@@QEAA@MM@Z (public: __cdecl vec2::vec2(float,float))' defined in 'Vector.obj' is imported by 'Sprite.obj'
LINK : warning LNK4217: symbol '??0vec2@@QEAA@MM@Z (public: __cdecl vec2::vec2(float,float))' defined in 'Vector.obj' is imported by 'TextureManager.obj' in function '"public: static class Texture * __cdecl TextureManager::FindTexture(class std::basic_string<char,struct std::char_traits<char>,class std::allocator<char> > &)" (?FindTexture@TextureManager@@SAPEAVTexture@@AEAV?$basic_string@DU?$char_traits@D@std@@V?$allocator@D@2@@std@@@Z)'
LINK : warning LNK4286: symbol '??0vec2@@QEAA@MM@Z (public: __cdecl vec2::vec2(float,float))' defined in 'Vector.obj' is imported by 'Utilities.obj'
LINK : warning LNK4286: symbol '??0vec2@@QEAA@MM@Z (public: __cdecl vec2::vec2(float,float))' defined in 'Vector.obj' is imported by 'PhysicsPlayground.obj'
LINK : warning LNK4286: symbol '??0vec2@@QEAA@MM@Z (public: __cdecl vec2::vec2(float,float))' defined in 'Vector.obj' is imported by 'PixelateEffect.obj'
LINK : warning LNK4286: symbol '??0vec2@@QEAA@MM@Z (public: __cdecl vec2::vec2(float,float))' defined in 'Vector.obj' is imported by 'Player.obj'
LINK : warning LNK4286: symbol '??0vec2@@QEAA@MM@Z (public: __cdecl vec2::vec2(float,float))' defined in 'Vector.obj' is imported by 'Scene.obj'
LINK : warning LNK4286: symbol '??0vec2@@QEAA@MM@Z (public: __cdecl vec2::vec2(float,float))' defined in 'Vector.obj' is imported by 'Camera.obj'
LINK : warning LNK4286: symbol '??0vec2@@QEAA@MM@Z (public: __cdecl vec2::vec2(float,float))' defined in 'Vector.obj' is imported by 'FirstCreation.obj'
LINK : warning LNK4286: symbol '??0vec2@@QEAA@MM@Z (public: __cdecl vec2::vec2(float,float))' defined in 'Vector.obj' is imported by 'GrainEffect.obj'
LINK : warning LNK4286: symbol '??0vec2@@QEAA@MM@Z (public: __cdecl vec2::vec2(float,float))' defined in 'Vector.obj' is imported by 'Matrix.obj'
LINK : warning LNK4217: symbol '??0vec2@@QEAA@MM@Z (public: __cdecl vec2::vec2(float,float))' defined in 'Vector.obj' is imported by 'AnimationController.obj' in function '"public: __cdecl UVCoordinates::UVCoordinates(class vec2,class vec2)" (??0UVCoordinates@@QEAA@Vvec2@@0@Z)'
LINK : warning LNK4286: symbol '??0vec2@@QEAA@MM@Z (public: __cdecl vec2::vec2(float,float))' defined in 'Vector.obj' is imported by 'AnimationSpritePlayground.obj'
LINK : warning LNK4286: symbol '??0vec2@@QEAA@MM@Z (public: __cdecl vec2::vec2(float,float))' defined in 'Vector.obj' is imported by 'BackEnd.obj'
LINK : warning LNK4286: symbol '??0vec2@@QEAA@MM@Z (public: __cdecl vec2::vec2(float,float))' defined in 'Vector.obj' is imported by 'BloomEffect.obj'
LINK : warning LNK4217: symbol '?Dot@vec2@@QEAAMV1@@Z (public: float __cdecl vec2::Dot(class vec2))' defined in 'Vector.obj' is imported by 'Matrix.obj' in function '"public: class mat2 __cdecl mat2::operator*(class mat2)" (??Dmat2@@QEAA?AV0@V0@@Z)'
LINK : warning LNK4217: symbol '??Hvec2@@QEAA?AV0@V0@@Z (public: class vec2 __cdecl vec2::operator+(class vec2))' defined in 'Vector.obj' is imported by 'Matrix.obj' in function '"public: class mat2 __cdecl mat2::operator+(class mat2)" (??Hmat2@@QEAA?AV0@V0@@Z)'
LINK : warning LNK4286: symbol '??Hvec2@@QEAA?AV0@V0@@Z (public: class vec2 __cdecl vec2::operator+(class vec2))' defined in 'Vector.obj' is imported by 'Utilities.obj'
LINK : warning LNK4217: symbol '??Gvec2@@QEAA?AV0@V0@@Z (public: class vec2 __cdecl vec2::operator-(class vec2))' defined in 'Vector.obj' is imported by 'Matrix.obj' in function '"public: class mat2 __cdecl mat2::operator-(class mat2)" (??Gmat2@@QEAA?AV0@V0@@Z)'
LINK : warning LNK4217: symbol '??Dvec2@@QEAA?AV0@M@Z (public: class vec2 __cdecl vec2::operator*(float))' defined in 'Vector.obj' is imported by 'Matrix.obj' in function '"public: class mat2 __cdecl mat2::operator*(float)" (??Dmat2@@QEAA?AV0@M@Z)'
SOIL_ext.lib(etc1_utils.obj) : warning LNK4099: PDB 'soil2-debug.pdb' was not found with 'SOIL_ext.lib(etc1_utils.obj)' or at 'C:\Users\chutz\Downloads\Essential Math Tutorial 7 Starter\Essential Math Tutorial 7 Starter\x64\Debug\soil2-debug.pdb'; linking object as if no debug info
SOIL_ext.lib(image_DXT.obj) : warning LNK4099: PDB 'soil2-debug.pdb' was not found with 'SOIL_ext.lib(image_DXT.obj)' or at 'C:\Users\chutz\Downloads\Essential Math Tutorial 7 Starter\Essential Math Tutorial 7 Starter\x64\Debug\soil2-debug.pdb'; linking object as if no debug info
SOIL_ext.lib(image_helper.obj) : warning LNK4099: PDB 'soil2-debug.pdb' was not found with 'SOIL_ext.lib(image_helper.obj)' or at 'C:\Users\chutz\Downloads\Essential Math Tutorial 7 Starter\Essential Math Tutorial 7 Starter\x64\Debug\soil2-debug.pdb'; linking object as if no debug info
SOIL_ext.lib(SOIL2.obj) : warning LNK4099: PDB 'soil2-debug.pdb' was not found with 'SOIL_ext.lib(SOIL2.obj)' or at 'C:\Users\chutz\Downloads\Essential Math Tutorial 7 Starter\Essential Math Tutorial 7 Starter\x64\Debug\soil2-debug.pdb'; linking object as if no debug info
Box2D.lib(b2ChainShape.obj) : warning LNK4099: PDB 'Box2D.pdb' was not found with 'Box2D.lib(b2ChainShape.obj)' or at 'C:\Users\chutz\Downloads\Essential Math Tutorial 7 Starter\Essential Math Tutorial 7 Starter\x64\Debug\Box2D.pdb'; linking object as if no debug info
Box2D.lib(b2CircleShape.obj) : warning LNK4099: PDB 'Box2D.pdb' was not found with 'Box2D.lib(b2CircleShape.obj)' or at 'C:\Users\chutz\Downloads\Essential Math Tutorial 7 Starter\Essential Math Tutorial 7 Starter\x64\Debug\Box2D.pdb'; linking object as if no debug info
Box2D.lib(b2EdgeShape.obj) : warning LNK4099: PDB 'Box2D.pdb' was not found with 'Box2D.lib(b2EdgeShape.obj)' or at 'C:\Users\chutz\Downloads\Essential Math Tutorial 7 Starter\Essential Math Tutorial 7 Starter\x64\Debug\Box2D.pdb'; linking object as if no debug info
Box2D.lib(b2PolygonShape.obj) : warning LNK4099: PDB 'Box2D.pdb' was not found with 'Box2D.lib(b2PolygonShape.obj)' or at 'C:\Users\chutz\Downloads\Essential Math Tutorial 7 Starter\Essential Math Tutorial 7 Starter\x64\Debug\Box2D.pdb'; linking object as if no debug info
Box2D.lib(b2BroadPhase.obj) : warning LNK4099: PDB 'Box2D.pdb' was not found with 'Box2D.lib(b2BroadPhase.obj)' or at 'C:\Users\chutz\Downloads\Essential Math Tutorial 7 Starter\Essential Math Tutorial 7 Starter\x64\Debug\Box2D.pdb'; linking object as if no debug info
Box2D.lib(b2CollideCircle.obj) : warning LNK4099: PDB 'Box2D.pdb' was not found with 'Box2D.lib(b2CollideCircle.obj)' or at 'C:\Users\chutz\Downloads\Essential Math Tutorial 7 Starter\Essential Math Tutorial 7 Starter\x64\Debug\Box2D.pdb'; linking object as if no debug info
Box2D.lib(b2CollideEdge.obj) : warning LNK4099: PDB 'Box2D.pdb' was not found with 'Box2D.lib(b2CollideEdge.obj)' or at 'C:\Users\chutz\Downloads\Essential Math Tutorial 7 Starter\Essential Math Tutorial 7 Starter\x64\Debug\Box2D.pdb'; linking object as if no debug info
Box2D.lib(b2CollidePolygon.obj) : warning LNK4099: PDB 'Box2D.pdb' was not found with 'Box2D.lib(b2CollidePolygon.obj)' or at 'C:\Users\chutz\Downloads\Essential Math Tutorial 7 Starter\Essential Math Tutorial 7 Starter\x64\Debug\Box2D.pdb'; linking object as if no debug info
Box2D.lib(b2Collision.obj) : warning LNK4099: PDB 'Box2D.pdb' was not found with 'Box2D.lib(b2Collision.obj)' or at 'C:\Users\chutz\Downloads\Essential Math Tutorial 7 Starter\Essential Math Tutorial 7 Starter\x64\Debug\Box2D.pdb'; linking object as if no debug info
Box2D.lib(b2Distance.obj) : warning LNK4099: PDB 'Box2D.pdb' was not found with 'Box2D.lib(b2Distance.obj)' or at 'C:\Users\chutz\Downloads\Essential Math Tutorial 7 Starter\Essential Math Tutorial 7 Starter\x64\Debug\Box2D.pdb'; linking object as if no debug info
Box2D.lib(b2DynamicTree.obj) : warning LNK4099: PDB 'Box2D.pdb' was not found with 'Box2D.lib(b2DynamicTree.obj)' or at 'C:\Users\chutz\Downloads\Essential Math Tutorial 7 Starter\Essential Math Tutorial 7 Starter\x64\Debug\Box2D.pdb'; linking object as if no debug info
Box2D.lib(b2TimeOfImpact.obj) : warning LNK4099: PDB 'Box2D.pdb' was not found with 'Box2D.lib(b2TimeOfImpact.obj)' or at 'C:\Users\chutz\Downloads\Essential Math Tutorial 7 Starter\Essential Math Tutorial 7 Starter\x64\Debug\Box2D.pdb'; linking object as if no debug info
Box2D.lib(b2BlockAllocator.obj) : warning LNK4099: PDB 'Box2D.pdb' was not found with 'Box2D.lib(b2BlockAllocator.obj)' or at 'C:\Users\chutz\Downloads\Essential Math Tutorial 7 Starter\Essential Math Tutorial 7 Starter\x64\Debug\Box2D.pdb'; linking object as if no debug info
Box2D.lib(b2Draw.obj) : warning LNK4099: PDB 'Box2D.pdb' was not found with 'Box2D.lib(b2Draw.obj)' or at 'C:\Users\chutz\Downloads\Essential Math Tutorial 7 Starter\Essential Math Tutorial 7 Starter\x64\Debug\Box2D.pdb'; linking object as if no debug info
Box2D.lib(b2Math.obj) : warning LNK4099: PDB 'Box2D.pdb' was not found with 'Box2D.lib(b2Math.obj)' or at 'C:\Users\chutz\Downloads\Essential Math Tutorial 7 Starter\Essential Math Tutorial 7 Starter\x64\Debug\Box2D.pdb'; linking object as if no debug info
Box2D.lib(b2Settings.obj) : warning LNK4099: PDB 'Box2D.pdb' was not found with 'Box2D.lib(b2Settings.obj)' or at 'C:\Users\chutz\Downloads\Essential Math Tutorial 7 Starter\Essential Math Tutorial 7 Starter\x64\Debug\Box2D.pdb'; linking object as if no debug info
Box2D.lib(b2StackAllocator.obj) : warning LNK4099: PDB 'Box2D.pdb' was not found with 'Box2D.lib(b2StackAllocator.obj)' or at 'C:\Users\chutz\Downloads\Essential Math Tutorial 7 Starter\Essential Math Tutorial 7 Starter\x64\Debug\Box2D.pdb'; linking object as if no debug info
Box2D.lib(b2Timer.obj) : warning LNK4099: PDB 'Box2D.pdb' was not found with 'Box2D.lib(b2Timer.obj)' or at 'C:\Users\chutz\Downloads\Essential Math Tutorial 7 Starter\Essential Math Tutorial 7 Starter\x64\Debug\Box2D.pdb'; linking object as if no debug info
Box2D.lib(b2ChainAndCircleContact.obj) : warning LNK4099: PDB '' was not found with 'Box2D.lib(b2ChainAndCircleContact.obj)' or at ''; linking object as if no debug info
Box2D.lib(b2ChainAndPolygonContact.obj) : warning LNK4099: PDB 'Box2D.pdb' was not found with 'Box2D.lib(b2ChainAndPolygonContact.obj)' or at 'C:\Users\chutz\Downloads\Essential Math Tutorial 7 Starter\Essential Math Tutorial 7 Starter\x64\Debug\Box2D.pdb'; linking object as if no debug info
Box2D.lib(b2CircleContact.obj) : warning LNK4099: PDB 'Box2D.pdb' was not found with 'Box2D.lib(b2CircleContact.obj)' or at 'C:\Users\chutz\Downloads\Essential Math Tutorial 7 Starter\Essential Math Tutorial 7 Starter\x64\Debug\Box2D.pdb'; linking object as if no debug info
Box2D.lib(b2Contact.obj) : warning LNK4099: PDB 'Box2D.pdb' was not found with 'Box2D.lib(b2Contact.obj)' or at 'C:\Users\chutz\Downloads\Essential Math Tutorial 7 Starter\Essential Math Tutorial 7 Starter\x64\Debug\Box2D.pdb'; linking object as if no debug info
Box2D.lib(b2ContactSolver.obj) : warning LNK4099: PDB 'Box2D.pdb' was not found with 'Box2D.lib(b2ContactSolver.obj)' or at 'C:\Users\chutz\Downloads\Essential Math Tutorial 7 Starter\Essential Math Tutorial 7 Starter\x64\Debug\Box2D.pdb'; linking object as if no debug info
Box2D.lib(b2EdgeAndCircleContact.obj) : warning LNK4099: PDB 'Box2D.pdb' was not found with 'Box2D.lib(b2EdgeAndCircleContact.obj)' or at 'C:\Users\chutz\Downloads\Essential Math Tutorial 7 Starter\Essential Math Tutorial 7 Starter\x64\Debug\Box2D.pdb'; linking object as if no debug info
Box2D.lib(b2EdgeAndPolygonContact.obj) : warning LNK4099: PDB 'Box2D.pdb' was not found with 'Box2D.lib(b2EdgeAndPolygonContact.obj)' or at 'C:\Users\chutz\Downloads\Essential Math Tutorial 7 Starter\Essential Math Tutorial 7 Starter\x64\Debug\Box2D.pdb'; linking object as if no debug info
Box2D.lib(b2PolygonAndCircleContact.obj) : warning LNK4099: PDB 'Box2D.pdb' was not found with 'Box2D.lib(b2PolygonAndCircleContact.obj)' or at 'C:\Users\chutz\Downloads\Essential Math Tutorial 7 Starter\Essential Math Tutorial 7 Starter\x64\Debug\Box2D.pdb'; linking object as if no debug info
Box2D.lib(b2PolygonContact.obj) : warning LNK4099: PDB 'Box2D.pdb' was not found with 'Box2D.lib(b2PolygonContact.obj)' or at 'C:\Users\chutz\Downloads\Essential Math Tutorial 7 Starter\Essential Math Tutorial 7 Starter\x64\Debug\Box2D.pdb'; linking object as if no debug info
Box2D.lib(b2DistanceJoint.obj) : warning LNK4099: PDB 'Box2D.pdb' was not found with 'Box2D.lib(b2DistanceJoint.obj)' or at 'C:\Users\chutz\Downloads\Essential Math Tutorial 7 Starter\Essential Math Tutorial 7 Starter\x64\Debug\Box2D.pdb'; linking object as if no debug info
Box2D.lib(b2FrictionJoint.obj) : warning LNK4099: PDB 'Box2D.pdb' was not found with 'Box2D.lib(b2FrictionJoint.obj)' or at 'C:\Users\chutz\Downloads\Essential Math Tutorial 7 Starter\Essential Math Tutorial 7 Starter\x64\Debug\Box2D.pdb'; linking object as if no debug info
Box2D.lib(b2GearJoint.obj) : warning LNK4099: PDB 'Box2D.pdb' was not found with 'Box2D.lib(b2GearJoint.obj)' or at 'C:\Users\chutz\Downloads\Essential Math Tutorial 7 Starter\Essential Math Tutorial 7 Starter\x64\Debug\Box2D.pdb'; linking object as if no debug info
Box2D.lib(b2Joint.obj) : warning LNK4099: PDB 'Box2D.pdb' was not found with 'Box2D.lib(b2Joint.obj)' or at 'C:\Users\chutz\Downloads\Essential Math Tutorial 7 Starter\Essential Math Tutorial 7 Starter\x64\Debug\Box2D.pdb'; linking object as if no debug info
Box2D.lib(b2MotorJoint.obj) : warning LNK4099: PDB 'Box2D.pdb' was not found with 'Box2D.lib(b2MotorJoint.obj)' or at 'C:\Users\chutz\Downloads\Essential Math Tutorial 7 Starter\Essential Math Tutorial 7 Starter\x64\Debug\Box2D.pdb'; linking object as if no debug info
Box2D.lib(b2MouseJoint.obj) : warning LNK4099: PDB '' was not found with 'Box2D.lib(b2MouseJoint.obj)' or at ''; linking object as if no debug info
Box2D.lib(b2PrismaticJoint.obj) : warning LNK4099: PDB 'Box2D.pdb' was not found with 'Box2D.lib(b2PrismaticJoint.obj)' or at 'C:\Users\chutz\Downloads\Essential Math Tutorial 7 Starter\Essential Math Tutorial 7 Starter\x64\Debug\Box2D.pdb'; linking object as if no debug info
Box2D.lib(b2PulleyJoint.obj) : warning LNK4099: PDB 'Box2D.pdb' was not found with 'Box2D.lib(b2PulleyJoint.obj)' or at 'C:\Users\chutz\Downloads\Essential Math Tutorial 7 Starter\Essential Math Tutorial 7 Starter\x64\Debug\Box2D.pdb'; linking object as if no debug info
Box2D.lib(b2RevoluteJoint.obj) : warning LNK4099: PDB 'Box2D.pdb' was not found with 'Box2D.lib(b2RevoluteJoint.obj)' or at 'C:\Users\chutz\Downloads\Essential Math Tutorial 7 Starter\Essential Math Tutorial 7 Starter\x64\Debug\Box2D.pdb'; linking object as if no debug info
Box2D.lib(b2RopeJoint.obj) : warning LNK4099: PDB 'Box2D.pdb' was not found with 'Box2D.lib(b2RopeJoint.obj)' or at 'C:\Users\chutz\Downloads\Essential Math Tutorial 7 Starter\Essential Math Tutorial 7 Starter\x64\Debug\Box2D.pdb'; linking object as if no debug info
Box2D.lib(b2WeldJoint.obj) : warning LNK4099: PDB 'Box2D.pdb' was not found with 'Box2D.lib(b2WeldJoint.obj)' or at 'C:\Users\chutz\Downloads\Essential Math Tutorial 7 Starter\Essential Math Tutorial 7 Starter\x64\Debug\Box2D.pdb'; linking object as if no debug info
Box2D.lib(b2WheelJoint.obj) : warning LNK4099: PDB 'Box2D.pdb' was not found with 'Box2D.lib(b2WheelJoint.obj)' or at 'C:\Users\chutz\Downloads\Essential Math Tutorial 7 Starter\Essential Math Tutorial 7 Starter\x64\Debug\Box2D.pdb'; linking object as if no debug info
Box2D.lib(b2Body.obj) : warning LNK4099: PDB 'Box2D.pdb' was not found with 'Box2D.lib(b2Body.obj)' or at 'C:\Users\chutz\Downloads\Essential Math Tutorial 7 Starter\Essential Math Tutorial 7 Starter\x64\Debug\Box2D.pdb'; linking object as if no debug info
Box2D.lib(b2ContactManager.obj) : warning LNK4099: PDB 'Box2D.pdb' was not found with 'Box2D.lib(b2ContactManager.obj)' or at 'C:\Users\chutz\Downloads\Essential Math Tutorial 7 Starter\Essential Math Tutorial 7 Starter\x64\Debug\Box2D.pdb'; linking object as if no debug info
Box2D.lib(b2Fixture.obj) : warning LNK4099: PDB 'Box2D.pdb' was not found with 'Box2D.lib(b2Fixture.obj)' or at 'C:\Users\chutz\Downloads\Essential Math Tutorial 7 Starter\Essential Math Tutorial 7 Starter\x64\Debug\Box2D.pdb'; linking object as if no debug info
Box2D.lib(b2Island.obj) : warning LNK4099: PDB 'Box2D.pdb' was not found with 'Box2D.lib(b2Island.obj)' or at 'C:\Users\chutz\Downloads\Essential Math Tutorial 7 Starter\Essential Math Tutorial 7 Starter\x64\Debug\Box2D.pdb'; linking object as if no debug info
Box2D.lib(b2World.obj) : warning LNK4099: PDB 'Box2D.pdb' was not found with 'Box2D.lib(b2World.obj)' or at 'C:\Users\chutz\Downloads\Essential Math Tutorial 7 Starter\Essential Math Tutorial 7 Starter\x64\Debug\Box2D.pdb'; linking object as if no debug info
Box2D.lib(b2WorldCallbacks.obj) : warning LNK4099: PDB 'Box2D.pdb' was not found with 'Box2D.lib(b2WorldCallbacks.obj)' or at 'C:\Users\chutz\Downloads\Essential Math Tutorial 7 Starter\Essential Math Tutorial 7 Starter\x64\Debug\Box2D.pdb'; linking object as if no debug info
  SpriteLib3.0-v2.0.vcxproj -> C:\Users\chutz\Downloads\Essential Math Tutorial 7 Starter\Essential Math Tutorial 7 Starter\x64\Debug\SpriteLib3.0-v2.0.exe
